{"/mnt/63967cb8-b374-4d4b-bb71-8a00a138ca0d/oss/easyvargs/src/index.ts": {"path":"/mnt/63967cb8-b374-4d4b-bb71-8a00a138ca0d/oss/easyvargs/src/index.ts","statementMap":{"0":{"start":{"line":1,"column":23},"end":{"line":1,"column":44}},"1":{"start":{"line":2,"column":49},"end":{"line":2,"column":116}},"2":{"start":{"line":2,"column":99},"end":{"line":2,"column":114}},"3":{"start":{"line":3,"column":42},"end":{"line":3,"column":44}},"4":{"start":{"line":5,"column":0},"end":{"line":15,"column":null}},"5":{"start":{"line":5,"column":24},"end":{"line":5,"column":43}},"6":{"start":{"line":5,"column":8},"end":{"line":5,"column":9}},"7":{"start":{"line":5,"column":12},"end":{"line":5,"column":14}},"8":{"start":{"line":5,"column":19},"end":{"line":5,"column":20}},"9":{"start":{"line":7,"column":2},"end":{"line":14,"column":null}},"10":{"start":{"line":9,"column":4},"end":{"line":9,"column":32}},"11":{"start":{"line":10,"column":4},"end":{"line":10,"column":30}},"12":{"start":{"line":11,"column":9},"end":{"line":14,"column":null}},"13":{"start":{"line":12,"column":4},"end":{"line":12,"column":31}},"14":{"start":{"line":13,"column":4},"end":{"line":13,"column":30}},"15":{"start":{"line":17,"column":0},"end":{"line":17,"column":28}}},"fnMap":{"0":{"name":"(anonymous_0)","decl":{"start":{"line":2,"column":92},"end":{"line":2,"column":95}},"loc":{"start":{"line":2,"column":95},"end":{"line":2,"column":102}}}},"branchMap":{"0":{"loc":{"start":{"line":7,"column":2},"end":{"line":14,"column":null}},"type":"if","locations":[{"start":{"line":7,"column":2},"end":{"line":14,"column":null}},{"start":{"line":7,"column":2},"end":{"line":14,"column":null}}]},"1":{"loc":{"start":{"line":11,"column":9},"end":{"line":14,"column":null}},"type":"if","locations":[{"start":{"line":11,"column":9},"end":{"line":14,"column":null}},{"start":{"line":11,"column":9},"end":{"line":14,"column":null}}]}},"s":{"0":1,"1":1,"2":4,"3":1,"4":1,"5":2,"6":4,"7":4,"8":4,"9":4,"10":3,"11":3,"12":1,"13":0,"14":0,"15":1},"f":{"0":4},"b":{"0":[3,1],"1":[0,1]}}
}
